<?xml version="1.0" encoding="UTF-8"?>
<!-- Generated by org.testng.reporters.JUnitReportReporter -->
<testsuite hostname="DESKTOP-3PERPIQ" failures="0" tests="1" name="com.testingone.Demo1" time="11.993" errors="0" timestamp="2025-02-28T19:02:09 IST" skipped="0">
  <testcase classname="com.testingone.Demo1" name="setup" time="11.993"/>
</testsuite> <!-- com.testingone.Demo1 -->
